-------------------------------------------------------------------------------
Test set: com.br.springboot.SpringbootApplicationTests
-------------------------------------------------------------------------------
Tests run: 1, Failures: 0, Errors: 1, Skipped: 0, Time elapsed: 4.017 s <<< FAILURE! - in com.br.springboot.SpringbootApplicationTests
contextLoads  Time elapsed: 0.002 s  <<< ERROR!
java.lang.IllegalStateException: Failed to load ApplicationContext
Caused by: org.springframework.beans.factory.UnsatisfiedDependencyException: Error creating bean with name 'userProductController': Unsatisfied dependency expressed through field 'userProductRepository'; nested exception is org.springframework.beans.factory.BeanCreationException: Error creating bean with name 'userProductRepository' defined in com.br.springboot.repository.UserProductRepository defined in @EnableJpaRepositories declared on JpaRepositoriesRegistrar.EnableJpaRepositoriesConfiguration: Invocation of init method failed; nested exception is org.springframework.data.repository.query.QueryCreationException: Could not create query for public abstract java.util.List com.br.springboot.repository.UserProductRepository.findProductByIdUser(long)! Reason: Validation failed for query for method public abstract java.util.List com.br.springboot.repository.UserProductRepository.findProductByIdUser(long)!; nested exception is java.lang.IllegalArgumentException: Validation failed for query for method public abstract java.util.List com.br.springboot.repository.UserProductRepository.findProductByIdUser(long)!
Caused by: org.springframework.beans.factory.BeanCreationException: Error creating bean with name 'userProductRepository' defined in com.br.springboot.repository.UserProductRepository defined in @EnableJpaRepositories declared on JpaRepositoriesRegistrar.EnableJpaRepositoriesConfiguration: Invocation of init method failed; nested exception is org.springframework.data.repository.query.QueryCreationException: Could not create query for public abstract java.util.List com.br.springboot.repository.UserProductRepository.findProductByIdUser(long)! Reason: Validation failed for query for method public abstract java.util.List com.br.springboot.repository.UserProductRepository.findProductByIdUser(long)!; nested exception is java.lang.IllegalArgumentException: Validation failed for query for method public abstract java.util.List com.br.springboot.repository.UserProductRepository.findProductByIdUser(long)!
Caused by: org.springframework.data.repository.query.QueryCreationException: Could not create query for public abstract java.util.List com.br.springboot.repository.UserProductRepository.findProductByIdUser(long)! Reason: Validation failed for query for method public abstract java.util.List com.br.springboot.repository.UserProductRepository.findProductByIdUser(long)!; nested exception is java.lang.IllegalArgumentException: Validation failed for query for method public abstract java.util.List com.br.springboot.repository.UserProductRepository.findProductByIdUser(long)!
Caused by: java.lang.IllegalArgumentException: Validation failed for query for method public abstract java.util.List com.br.springboot.repository.UserProductRepository.findProductByIdUser(long)!
Caused by: java.lang.IllegalArgumentException: org.hibernate.hql.internal.ast.QuerySyntaxException: unexpected token: . near line 1, column 34 [Select u from UserProduct u where.users_id = id]
Caused by: org.hibernate.hql.internal.ast.QuerySyntaxException: unexpected token: . near line 1, column 34 [Select u from UserProduct u where.users_id = id]

